<?xml version="1.0" encoding="UTF-8"?>
<!-- Generated by org.testng.reporters.JUnitReportReporter -->
<testsuite hostname="NODE167" name="com.practice.AlertTest" tests="1" failures="0" timestamp="1 Sep 2016 17:08:24 GMT" time="14.047" errors="0">
  <testcase name="startup" time="14.047" classname="com.practice.AlertTest"/>
</testsuite> <!-- com.practice.AlertTest -->
