<?xml version="1.0" encoding="UTF-8"?>
<!-- Generated by org.testng.reporters.JUnitReportReporter -->
<testsuite hostname="NODE167" name="com.gspann.com.ClearTripTest" tests="1" failures="0" timestamp="1 Sep 2016 10:03:11 GMT" time="97.756" errors="0">
  <testcase name="testHomePage" time="97.756" classname="com.gspann.com.ClearTripTest"/>
</testsuite> <!-- com.gspann.com.ClearTripTest -->
